Using pre-set license
Built from '2022.3/staging' branch; Version is '2022.3.16f1 (d2c21f0ef2f1) revision 13812255'; Using compiler version '192829333'; Build Type 'Release'
OS: 'Windows 10  (10.0.19045) 64bit Education' Language: 'en' Physical Memory: 16309 MB
BatchMode: 1, IsHumanControllingUs: 0, StartBugReporterOnCrash: 0, Is64bit: 1, IsPro: 1

COMMAND LINE ARGUMENTS:
C:\Program Files\Unity\Hub\Editor\2022.3.16f1\Editor\Unity.exe
-adb2
-batchMode
-noUpm
-name
AssetImportWorker2
-projectPath
C:/Users/548887/VR Game
-logFile
Logs/AssetImportWorker2.log
-srvPort
61444
Successfully changed project path to: C:/Users/548887/VR Game
C:/Users/548887/VR Game
[UnityMemory] Configuration Parameters - Can be set up in boot.config
    "memorysetup-bucket-allocator-granularity=16"
    "memorysetup-bucket-allocator-bucket-count=8"
    "memorysetup-bucket-allocator-block-size=33554432"
    "memorysetup-bucket-allocator-block-count=8"
    "memorysetup-main-allocator-block-size=16777216"
    "memorysetup-thread-allocator-block-size=16777216"
    "memorysetup-gfx-main-allocator-block-size=16777216"
    "memorysetup-gfx-thread-allocator-block-size=16777216"
    "memorysetup-cache-allocator-block-size=4194304"
    "memorysetup-typetree-allocator-block-size=2097152"
    "memorysetup-profiler-bucket-allocator-granularity=16"
    "memorysetup-profiler-bucket-allocator-bucket-count=8"
    "memorysetup-profiler-bucket-allocator-block-size=33554432"
    "memorysetup-profiler-bucket-allocator-block-count=8"
    "memorysetup-profiler-allocator-block-size=16777216"
    "memorysetup-profiler-editor-allocator-block-size=1048576"
    "memorysetup-temp-allocator-size-main=16777216"
    "memorysetup-job-temp-allocator-block-size=2097152"
    "memorysetup-job-temp-allocator-block-size-background=1048576"
    "memorysetup-job-temp-allocator-reduction-small-platforms=262144"
    "memorysetup-allocator-temp-initial-block-size-main=262144"
    "memorysetup-allocator-temp-initial-block-size-worker=262144"
    "memorysetup-temp-allocator-size-background-worker=32768"
    "memorysetup-temp-allocator-size-job-worker=262144"
    "memorysetup-temp-allocator-size-preload-manager=33554432"
    "memorysetup-temp-allocator-size-nav-mesh-worker=65536"
    "memorysetup-temp-allocator-size-audio-worker=65536"
    "memorysetup-temp-allocator-size-cloud-worker=32768"
    "memorysetup-temp-allocator-size-gi-baking-worker=262144"
    "memorysetup-temp-allocator-size-gfx=262144"
Player connection [18188] Host "[IP] 172.27.172.122 [Port] 0 [Flags] 2 [Guid] 1737824393 [EditorId] 1737824393 [Version] 1048832 [Id] WindowsEditor(7,L-CB346-21252) [Debug] 1 [PackageName] WindowsEditor [ProjectName] Editor" joined multi-casting on [225.0.0.222:54997]...

Player connection [18188] Host "[IP] 172.27.172.122 [Port] 0 [Flags] 2 [Guid] 1737824393 [EditorId] 1737824393 [Version] 1048832 [Id] WindowsEditor(7,L-CB346-21252) [Debug] 1 [PackageName] WindowsEditor [ProjectName] Editor" joined alternative multi-casting on [225.0.0.222:34997]...

[Physics::Module] Initialized MultithreadedJobDispatcher with 11 workers.
Refreshing native plugins compatible for Editor in 38.20 ms, found 9 plugins.
Preloading 0 native plugins for Editor in 0.00 ms.
Initialize engine version: 2022.3.16f1 (d2c21f0ef2f1)
[Subsystems] Discovering subsystems at path C:/Program Files/Unity/Hub/Editor/2022.3.16f1/Editor/Data/Resources/UnitySubsystems
[Subsystems] Discovering subsystems at path C:/Users/548887/VR Game/Assets
GfxDevice: creating device client; threaded=0; jobified=0
Direct3D:
    Version:  Direct3D 11.0 [level 11.1]
    Renderer: NVIDIA GeForce GTX 1650 (ID=0x2188)
    Vendor:   NVIDIA
    VRAM:     3949 MB
    Driver:   31.0.15.3623
Initialize mono
Mono path[0] = 'C:/Program Files/Unity/Hub/Editor/2022.3.16f1/Editor/Data/Managed'
Mono path[1] = 'C:/Program Files/Unity/Hub/Editor/2022.3.16f1/Editor/Data/MonoBleedingEdge/lib/mono/unityjit-win32'
Mono config path = 'C:/Program Files/Unity/Hub/Editor/2022.3.16f1/Editor/Data/MonoBleedingEdge/etc'
Using monoOptions --debugger-agent=transport=dt_socket,embedding=1,server=y,suspend=n,address=127.0.0.1:56588
Begin MonoManager ReloadAssembly
Registering precompiled unity dll's ...
Register platform support module: C:/Program Files/Unity/Hub/Editor/2022.3.16f1/Editor/Data/PlaybackEngines/WebGLSupport/UnityEditor.WebGL.Extensions.dll
Register platform support module: C:/Program Files/Unity/Hub/Editor/2022.3.16f1/Editor/Data/PlaybackEngines/WindowsStandaloneSupport/UnityEditor.WindowsStandalone.Extensions.dll
Registered in 0.014370 seconds.
- Loaded All Assemblies, in  0.412 seconds
Native extension for WindowsStandalone target not found
Native extension for WebGL target not found
Mono: successfully reloaded assembly
- Finished resetting the current domain, in  0.291 seconds
Domain Reload Profiling: 699ms
	BeginReloadAssembly (109ms)
		ExecutionOrderSort (0ms)
		DisableScriptedObjects (0ms)
		BackupInstance (0ms)
		ReleaseScriptingObjects (0ms)
		CreateAndSetChildDomain (1ms)
	RebuildCommonClasses (35ms)
	RebuildNativeTypeToScriptingClass (11ms)
	initialDomainReloadingComplete (72ms)
	LoadAllAssembliesAndSetupDomain (181ms)
		LoadAssemblies (107ms)
		RebuildTransferFunctionScriptingTraits (0ms)
		AnalyzeDomain (178ms)
			TypeCache.Refresh (176ms)
				TypeCache.ScanAssembly (157ms)
			ScanForSourceGeneratedMonoScriptInfo (0ms)
			ResolveRequiredComponents (1ms)
	FinalizeReload (291ms)
		ReleaseScriptCaches (0ms)
		RebuildScriptCaches (0ms)
		SetupLoadedEditorAssemblies (233ms)
			LogAssemblyErrors (0ms)
			InitializePlatformSupportModulesInManaged (19ms)
			SetLoadedEditorAssemblies (6ms)
			RefreshPlugins (0ms)
			BeforeProcessingInitializeOnLoad (2ms)
			ProcessInitializeOnLoadAttributes (161ms)
			ProcessInitializeOnLoadMethodAttributes (44ms)
			AfterProcessingInitializeOnLoad (0ms)
			EditorAssembliesLoaded (0ms)
		ExecutionOrderSort2 (0ms)
		AwakeInstancesAfterBackupRestoration (0ms)
========================================================================
Worker process is ready to serve import requests
Begin MonoManager ReloadAssembly
- Loaded All Assemblies, in  2.158 seconds
Refreshing native plugins compatible for Editor in 20.41 ms, found 9 plugins.
Native extension for WindowsStandalone target not found
Native extension for WebGL target not found
Package Manager log level set to [2]
[Package Manager] Server::EnsureServerProcessIsRunning -- launch failed, reason: Unity was launched with the -noUpm command-line argument
[Package Manager] UpmClient::Send -- Unable to send message (not connected to UPM process).
[Package Manager] Cannot connect to Unity Package Manager local server
[Package Manager] Server::EnsureServerProcessIsRunning -- launch failed, reason: Unity was launched with the -noUpm command-line argument
[Package Manager] UpmClient::Send -- Unable to send message (not connected to UPM process).
[Package Manager] Cannot connect to Unity Package Manager local server
Mono: successfully reloaded assembly
[Package Manager] Server::EnsureServerProcessIsRunning -- launch failed, reason: Unity was launched with the -noUpm command-line argument
[Package Manager] UpmClient::Send -- Unable to send message (not connected to UPM process).
[Package Manager] Cannot connect to Unity Package Manager local server
[Package Manager] Server::EnsureServerProcessIsRunning -- launch failed, reason: Unity was launched with the -noUpm command-line argument
[Package Manager] UpmClient::Send -- Unable to send message (not connected to UPM process).
[Package Manager] Cannot connect to Unity Package Manager local server
- Finished resetting the current domain, in  0.829 seconds
Domain Reload Profiling: 2978ms
	BeginReloadAssembly (234ms)
		ExecutionOrderSort (0ms)
		DisableScriptedObjects (7ms)
		BackupInstance (0ms)
		ReleaseScriptingObjects (0ms)
		CreateAndSetChildDomain (50ms)
	RebuildCommonClasses (43ms)
	RebuildNativeTypeToScriptingClass (11ms)
	initialDomainReloadingComplete (53ms)
	LoadAllAssembliesAndSetupDomain (1809ms)
		LoadAssemblies (1689ms)
		RebuildTransferFunctionScriptingTraits (0ms)
		AnalyzeDomain (232ms)
			TypeCache.Refresh (189ms)
				TypeCache.ScanAssembly (168ms)
			ScanForSourceGeneratedMonoScriptInfo (28ms)
			ResolveRequiredComponents (13ms)
	FinalizeReload (829ms)
		ReleaseScriptCaches (0ms)
		RebuildScriptCaches (0ms)
		SetupLoadedEditorAssemblies (623ms)
			LogAssemblyErrors (0ms)
			InitializePlatformSupportModulesInManaged (11ms)
			SetLoadedEditorAssemblies (3ms)
			RefreshPlugins (0ms)
			BeforeProcessingInitializeOnLoad (95ms)
			ProcessInitializeOnLoadAttributes (391ms)
			ProcessInitializeOnLoadMethodAttributes (106ms)
			AfterProcessingInitializeOnLoad (16ms)
			EditorAssembliesLoaded (0ms)
		ExecutionOrderSort2 (0ms)
		AwakeInstancesAfterBackupRestoration (6ms)
Launched and connected shader compiler UnityShaderCompiler.exe after 0.12 seconds
Refreshing native plugins compatible for Editor in 23.29 ms, found 9 plugins.
Preloading 0 native plugins for Editor in 0.00 ms.
Unloading 6045 Unused Serialized files (Serialized files now loaded: 0)
Unloading 120 unused Assets / (0.8 MB). Loaded Objects now: 6478.
Memory consumption went from 227.2 MB to 226.4 MB.
Total: 4.689100 ms (FindLiveObjects: 0.625400 ms CreateObjectMapping: 0.206800 ms MarkObjects: 3.331300 ms  DeleteObjects: 0.524400 ms)

AssetImportParameters requested are different than current active one (requested -> active):
  custom:container-demuxer-ogg: 62fdf1f143b41e24485cea50d1cbac27 -> 
  custom:video-decoder-ogg-theora: a1e56fd34408186e4bbccfd4996cb3dc -> 
  custom:framework-win-MediaFoundation: 216162199b28c13a410421893ffa2e32 -> 
  custom:CustomObjectIndexerAttribute: 4d1d7186bcbbfe361de5f0ad951e585c -> 
  custom:container-demuxer-webm: 4f35f7cbe854078d1ac9338744f61a02 -> 
  custom:container-muxer-webm: aa71ff27fc2769a1b78a27578f13a17b -> 
  custom:video-decoder-webm-vp8: 9c59270c3fd7afecdb556c50c9e8de78 -> 
  custom:SearchIndexIgnoredProperties: e643bd26f0fe6173181afceb89e7c659 -> 
  custom:AudioImporter_EditorPlatform: d09bf68614088b80899f8185d706f6e7 -> 
  custom:video-encoder-webm-vp8: eb34c28f22e8b96e1ab97ce403110664 -> 
  custom:audio-decoder-ogg-vorbis: bf7c407c2cedff20999df2af8eb42d56 -> 
  custom:audio-encoder-webm-vorbis: bf7c407c2cedff20999df2af8eb42d56 -> 
========================================================================
Received Import Request.
  Time since last request: 8460.005959 seconds.
  path: Assets/Stellar Sky/Demo
  artifactKey: Guid(162c970d59c9b0a48aa5177e2d4a3d36) Importer(815301076,1909f56bfc062723c751e8b465ee728b)
Start importing Assets/Stellar Sky/Demo using Guid(162c970d59c9b0a48aa5177e2d4a3d36) Importer(815301076,1909f56bfc062723c751e8b465ee728b)  -> (artifact id: 'dd207e08c780eaa66ecfab0201fbe4e1') in 0.002276 seconds
Number of updated asset objects reloaded before import = 0
Number of asset objects unloaded after import = 0
========================================================================
Received Import Request.
  Time since last request: 0.000067 seconds.
  path: Assets/Stellar Sky
  artifactKey: Guid(ceeb7ccbb16821b48b5d4c99df3cae2e) Importer(815301076,1909f56bfc062723c751e8b465ee728b)
Start importing Assets/Stellar Sky using Guid(ceeb7ccbb16821b48b5d4c99df3cae2e) Importer(815301076,1909f56bfc062723c751e8b465ee728b)  -> (artifact id: 'c8b66b3c3cf5dfea2603918c492a504c') in 0.000691 seconds
Number of updated asset objects reloaded before import = 0
Number of asset objects unloaded after import = 0
========================================================================
Received Import Request.
  Time since last request: 0.000023 seconds.
  path: Assets/Stellar Sky/Skyboxes
  artifactKey: Guid(75a583517ad2320428f42190b7715328) Importer(815301076,1909f56bfc062723c751e8b465ee728b)
Start importing Assets/Stellar Sky/Skyboxes using Guid(75a583517ad2320428f42190b7715328) Importer(815301076,1909f56bfc062723c751e8b465ee728b)  -> (artifact id: 'd7574c22c2f51900f8ec12f6f57847b7') in 0.000628 seconds
Number of updated asset objects reloaded before import = 0
Number of asset objects unloaded after import = 0
========================================================================
Received Import Request.
  Time since last request: 0.000017 seconds.
  path: Assets/Stellar Sky/Skyboxes/1024/downImage.png
  artifactKey: Guid(e864a9e2ab16edb4da48add2f8e3c17d) Importer(815301076,1909f56bfc062723c751e8b465ee728b)
Start importing Assets/Stellar Sky/Skyboxes/1024/downImage.png using Guid(e864a9e2ab16edb4da48add2f8e3c17d) Importer(815301076,1909f56bfc062723c751e8b465ee728b)  -> (artifact id: 'b8056c17299841f8795298875b9de7ac') in 0.064971 seconds
Number of updated asset objects reloaded before import = 0
Number of asset objects unloaded after import = 2
========================================================================
Received Import Request.
  Time since last request: 0.000022 seconds.
  path: Assets/Stellar Sky/Skyboxes/2048/frontImage.png
  artifactKey: Guid(811ad48b91b606b469b801d87551684e) Importer(815301076,1909f56bfc062723c751e8b465ee728b)
Start importing Assets/Stellar Sky/Skyboxes/2048/frontImage.png using Guid(811ad48b91b606b469b801d87551684e) Importer(815301076,1909f56bfc062723c751e8b465ee728b)  -> (artifact id: '08b6035c4baefbfe27ea1be1c1f1dcf6') in 0.025680 seconds
Number of updated asset objects reloaded before import = 0
Number of asset objects unloaded after import = 2
========================================================================
Received Import Request.
  Time since last request: 0.000017 seconds.
  path: Assets/Stellar Sky/Skyboxes/1024
  artifactKey: Guid(3d1e0feb1f7fb3646ad24edf8ff7d209) Importer(815301076,1909f56bfc062723c751e8b465ee728b)
Start importing Assets/Stellar Sky/Skyboxes/1024 using Guid(3d1e0feb1f7fb3646ad24edf8ff7d209) Importer(815301076,1909f56bfc062723c751e8b465ee728b)  -> (artifact id: '00b8af8fcfc6fc1953513e79588a1190') in 0.000775 seconds
Number of updated asset objects reloaded before import = 0
Number of asset objects unloaded after import = 0
========================================================================
Received Import Request.
  Time since last request: 0.000017 seconds.
  path: Assets/Stellar Sky/Skyboxes/512/backImage.png
  artifactKey: Guid(496855bce9d6f574786952b0580975fd) Importer(815301076,1909f56bfc062723c751e8b465ee728b)
Start importing Assets/Stellar Sky/Skyboxes/512/backImage.png using Guid(496855bce9d6f574786952b0580975fd) Importer(815301076,1909f56bfc062723c751e8b465ee728b)  -> (artifact id: 'a830e8fcf7f26292e6f4b09519711445') in 0.045055 seconds
Number of updated asset objects reloaded before import = 0
Number of asset objects unloaded after import = 2
========================================================================
Received Import Request.
  Time since last request: 0.000022 seconds.
  path: Assets/Stellar Sky/Skyboxes/1024/rightImage.png
  artifactKey: Guid(f7f97bb342d60684392a521b093d99f5) Importer(815301076,1909f56bfc062723c751e8b465ee728b)
Start importing Assets/Stellar Sky/Skyboxes/1024/rightImage.png using Guid(f7f97bb342d60684392a521b093d99f5) Importer(815301076,1909f56bfc062723c751e8b465ee728b)  -> (artifact id: 'e957e8719a3da46466465ccc9a78fe02') in 0.026924 seconds
Number of updated asset objects reloaded before import = 0
Number of asset objects unloaded after import = 2
========================================================================
Received Import Request.
  Time since last request: 0.000020 seconds.
  path: Assets/Stellar Sky/Skyboxes/2048/SS_2048.mat
  artifactKey: Guid(c146daf0163687f47b4c34424b41c4be) Importer(815301076,1909f56bfc062723c751e8b465ee728b)
Start importing Assets/Stellar Sky/Skyboxes/2048/SS_2048.mat using Guid(c146daf0163687f47b4c34424b41c4be) Importer(815301076,1909f56bfc062723c751e8b465ee728b)  -> (artifact id: 'd57f514ccd070435424e4a885e1e987c') in 0.379700 seconds
Number of updated asset objects reloaded before import = 0
Number of asset objects unloaded after import = 8
========================================================================
Received Import Request.
  Time since last request: 0.000026 seconds.
  path: Assets/Stellar Sky/Skyboxes/2048
  artifactKey: Guid(dc5dd03b9304d02479e0a30f1bfb7d12) Importer(815301076,1909f56bfc062723c751e8b465ee728b)
Start importing Assets/Stellar Sky/Skyboxes/2048 using Guid(dc5dd03b9304d02479e0a30f1bfb7d12) Importer(815301076,1909f56bfc062723c751e8b465ee728b)  -> (artifact id: 'a2b69c1055140513a45ed1a5163a8445') in 0.000633 seconds
Number of updated asset objects reloaded before import = 0
Number of asset objects unloaded after import = 0
========================================================================
Received Import Request.
  Time since last request: 0.000021 seconds.
  path: Assets/Stellar Sky/Skyboxes/1024/upImage.png
  artifactKey: Guid(90454034d0213284caa8b7908a628a0d) Importer(815301076,1909f56bfc062723c751e8b465ee728b)
Start importing Assets/Stellar Sky/Skyboxes/1024/upImage.png using Guid(90454034d0213284caa8b7908a628a0d) Importer(815301076,1909f56bfc062723c751e8b465ee728b)  -> (artifact id: '6728869a90c261a2c3478adfc819a763') in 0.029018 seconds
Number of updated asset objects reloaded before import = 0
Number of asset objects unloaded after import = 2
========================================================================
Received Import Request.
  Time since last request: 92.667541 seconds.
  path: Assets/Scenes/SampleScene.unity
  artifactKey: Guid(99c9720ab356a0642a771bea13969a05) Importer(815301076,1909f56bfc062723c751e8b465ee728b)
Start importing Assets/Scenes/SampleScene.unity using Guid(99c9720ab356a0642a771bea13969a05) Importer(815301076,1909f56bfc062723c751e8b465ee728b)  -> (artifact id: '8e138b55adfeb2700ddcef1d460ce94d') in 0.000852 seconds
Number of updated asset objects reloaded before import = 0
Number of asset objects unloaded after import = 0
========================================================================
Received Import Request.
  Time since last request: 3116.245690 seconds.
  path: Assets/Unity VR Basics 2023 Hands/Oculus Hands/Material
  artifactKey: Guid(2e43c0b2088bb8449abbafc4d32e1485) Importer(815301076,1909f56bfc062723c751e8b465ee728b)
Start importing Assets/Unity VR Basics 2023 Hands/Oculus Hands/Material using Guid(2e43c0b2088bb8449abbafc4d32e1485) Importer(815301076,1909f56bfc062723c751e8b465ee728b)  -> (artifact id: '76a41778d2d7880fda5935f481f9ce9b') in 0.000837 seconds
Number of updated asset objects reloaded before import = 0
Number of asset objects unloaded after import = 0
========================================================================
Received Import Request.
  Time since last request: 0.060675 seconds.
  path: Assets/Unity VR Basics 2023 Hands/Oculus Hands/Material/M_Hand.mat
  artifactKey: Guid(8e3aeda23d20122498e95e3a9e93a500) Importer(815301076,1909f56bfc062723c751e8b465ee728b)
Start importing Assets/Unity VR Basics 2023 Hands/Oculus Hands/Material/M_Hand.mat using Guid(8e3aeda23d20122498e95e3a9e93a500) Importer(815301076,1909f56bfc062723c751e8b465ee728b)  -> (artifact id: '1d79821a3874480d5eb18be7885e9e66') in 0.045978 seconds
Number of updated asset objects reloaded before import = 0
Number of asset objects unloaded after import = 2
========================================================================
Received Import Request.
  Time since last request: 2.168852 seconds.
  path: Assets/Unity VR Basics 2023 Hands/Oculus Hands/Prefabs/LeftHand.prefab
  artifactKey: Guid(a543ce027c5ec3a4788c4f633673c3de) Importer(815301076,1909f56bfc062723c751e8b465ee728b)
Start importing Assets/Unity VR Basics 2023 Hands/Oculus Hands/Prefabs/LeftHand.prefab using Guid(a543ce027c5ec3a4788c4f633673c3de) Importer(815301076,1909f56bfc062723c751e8b465ee728b)  -> (artifact id: '8f02e778073d2c892a31bea48874e1fc') in 0.088255 seconds
Number of updated asset objects reloaded before import = 0
Number of asset objects unloaded after import = 72
========================================================================
Received Import Request.
  Time since last request: 12.384220 seconds.
  path: Assets/XRI/Settings/Resources
  artifactKey: Guid(df7540f6988fbb04697c58c6c5e19693) Importer(815301076,1909f56bfc062723c751e8b465ee728b)
Start importing Assets/XRI/Settings/Resources using Guid(df7540f6988fbb04697c58c6c5e19693) Importer(815301076,1909f56bfc062723c751e8b465ee728b)  -> (artifact id: '46a61196efb59a2b5a9e111d9be96ac5') in 0.000768 seconds
Number of updated asset objects reloaded before import = 0
Number of asset objects unloaded after import = 0
========================================================================
Received Import Request.
  Time since last request: 0.065617 seconds.
  path: Assets/XRI/Settings/Resources/InteractionLayerSettings.asset
  artifactKey: Guid(b89943362f9909741befbc030ea3c063) Importer(815301076,1909f56bfc062723c751e8b465ee728b)
Start importing Assets/XRI/Settings/Resources/InteractionLayerSettings.asset using Guid(b89943362f9909741befbc030ea3c063) Importer(815301076,1909f56bfc062723c751e8b465ee728b)  -> (artifact id: '0eade9a2d5f839110f46d7f5c30d1369') in 0.021753 seconds
Number of updated asset objects reloaded before import = 0
Number of asset objects unloaded after import = 1
========================================================================
Received Import Request.
  Time since last request: 10110.991394 seconds.
  path: Assets/Samples/XR Interaction Toolkit/2.5.2/Starter Assets
  artifactKey: Guid(18a61715d69686b4b972e79662e372ec) Importer(815301076,1909f56bfc062723c751e8b465ee728b)
Start importing Assets/Samples/XR Interaction Toolkit/2.5.2/Starter Assets using Guid(18a61715d69686b4b972e79662e372ec) Importer(815301076,1909f56bfc062723c751e8b465ee728b)  -> (artifact id: 'e32add4caa1aaee7e4fa1328e250c718') in 0.005426 seconds
Number of updated asset objects reloaded before import = 0
Number of asset objects unloaded after import = 0
========================================================================
Received Import Request.
  Time since last request: 5.767495 seconds.
  path: Assets/Samples/XR Interaction Toolkit/2.5.2/XR Device Simulator
  artifactKey: Guid(eb4ccf0da55026b4abedcdc120dd686d) Importer(815301076,1909f56bfc062723c751e8b465ee728b)
Start importing Assets/Samples/XR Interaction Toolkit/2.5.2/XR Device Simulator using Guid(eb4ccf0da55026b4abedcdc120dd686d) Importer(815301076,1909f56bfc062723c751e8b465ee728b)  -> (artifact id: 'dbc039110c5bd881b6cfd21d58f3f239') in 0.001342 seconds
Number of updated asset objects reloaded before import = 0
Number of asset objects unloaded after import = 0
========================================================================
Received Prepare
Begin MonoManager ReloadAssembly
- Loaded All Assemblies, in  6.137 seconds
Refreshing native plugins compatible for Editor in 19.99 ms, found 9 plugins.
Native extension for WindowsStandalone target not found
Native extension for WebGL target not found
[Package Manager] Server::EnsureServerProcessIsRunning -- launch failed, reason: Unity was launched with the -noUpm command-line argument
[Package Manager] UpmClient::Send -- Unable to send message (not connected to UPM process).
[Package Manager] Cannot connect to Unity Package Manager local server
[Package Manager] Server::EnsureServerProcessIsRunning -- launch failed, reason: Unity was launched with the -noUpm command-line argument
[Package Manager] UpmClient::Send -- Unable to send message (not connected to UPM process).
[Package Manager] Cannot connect to Unity Package Manager local server
Mono: successfully reloaded assembly
[Package Manager] Server::EnsureServerProcessIsRunning -- launch failed, reason: Unity was launched with the -noUpm command-line argument
[Package Manager] UpmClient::Send -- Unable to send message (not connected to UPM process).
[Package Manager] Cannot connect to Unity Package Manager local server
- Finished resetting the current domain, in 27.424 seconds
Domain Reload Profiling: 33555ms
	BeginReloadAssembly (486ms)
		ExecutionOrderSort (0ms)
		DisableScriptedObjects (79ms)
		BackupInstance (0ms)
		ReleaseScriptingObjects (1ms)
		CreateAndSetChildDomain (155ms)
	RebuildCommonClasses (271ms)
	RebuildNativeTypeToScriptingClass (11ms)
	initialDomainReloadingComplete (43ms)
	LoadAllAssembliesAndSetupDomain (5320ms)
		LoadAssemblies (5413ms)
		RebuildTransferFunctionScriptingTraits (0ms)
		AnalyzeDomain (72ms)
			TypeCache.Refresh (17ms)
				TypeCache.ScanAssembly (1ms)
			ScanForSourceGeneratedMonoScriptInfo (40ms)
			ResolveRequiredComponents (14ms)
	FinalizeReload (27424ms)
		ReleaseScriptCaches (0ms)
		RebuildScriptCaches (0ms)
		SetupLoadedEditorAssemblies (600ms)
			LogAssemblyErrors (0ms)
			InitializePlatformSupportModulesInManaged (15ms)
			SetLoadedEditorAssemblies (4ms)
			RefreshPlugins (0ms)
			BeforeProcessingInitializeOnLoad (100ms)
			ProcessInitializeOnLoadAttributes (349ms)
			ProcessInitializeOnLoadMethodAttributes (108ms)
			AfterProcessingInitializeOnLoad (22ms)
			EditorAssembliesLoaded (1ms)
		ExecutionOrderSort2 (0ms)
		AwakeInstancesAfterBackupRestoration (26ms)
Script is not up to date after domain reload: guid(27bee223346c63f4bb2b0f85250f58b7) path("Assets/Samples/XR Interaction Toolkit/2.5.2/Hands Interaction Demo/HandsDemoSceneAssets/Scripts/Vector3ScaleAffordanceReceiver.cs") state(2)
Script is not up to date after domain reload: guid(2e989a75b2954bdab01ca618a30d5de6) path("Assets/Samples/XR Interaction Toolkit/2.5.2/Hands Interaction Demo/Scripts/HideObjectWhenRayInteractorBlocked.cs") state(2)
Script is not up to date after domain reload: guid(0deb305527bf17143801528616ee4f73) path("Assets/Samples/XR Interaction Toolkit/2.5.2/Hands Interaction Demo/Editor/Scripts/HandsInteractionSampleProjectValidation.cs") state(2)
Script is not up to date after domain reload: guid(54ce4268a4182384da360e6e2654d3a6) path("Assets/Samples/XR Interaction Toolkit/2.5.2/Hands Interaction Demo/HandsDemoSceneAssets/Scripts/ObjectResetPlane.cs") state(2)
Script is not up to date after domain reload: guid(bc6980b6cb3b4f12b6b75074e4ef59f3) path("Assets/Samples/XR Interaction Toolkit/2.5.2/Hands Interaction Demo/Scripts/HandsOneEuroFilterPostProcessor.cs") state(2)
Script is not up to date after domain reload: guid(865d01d2834c9cb4caa8f2c901104c2d) path("Assets/Samples/XR Interaction Toolkit/2.5.2/Hands Interaction Demo/Scripts/LocalPositionOffsetAffordanceReceiver.cs") state(2)
Script is not up to date after domain reload: guid(dbac611a2982409ab5f5e604f53bcad0) path("Assets/Samples/XR Interaction Toolkit/2.5.2/Hands Interaction Demo/Scripts/PokeGestureDetector.cs") state(2)
Script is not up to date after domain reload: guid(24386a87b5e733943809081267792754) path("Assets/Samples/XR Interaction Toolkit/2.5.2/Hands Interaction Demo/HandsDemoSceneAssets/Scripts/GrabTransformerRotationAxisLock.cs") state(2)
Script is not up to date after domain reload: guid(646ef16ad2fbd1944b40157feffe8574) path("Assets/Samples/XR Interaction Toolkit/2.5.2/Hands Interaction Demo/HandsDemoSceneAssets/Scripts/ToggleGameObject.cs") state(2)
Script is not up to date after domain reload: guid(f22671673eaaae848b70290eb3a1350c) path("Assets/Samples/XR Interaction Toolkit/2.5.2/Hands Interaction Demo/HandsDemoSceneAssets/Scripts/TransformSync.cs") state(2)
Script is not up to date after domain reload: guid(8693657abb5062a40a80ba3cb86ef181) path("Assets/Samples/XR Interaction Toolkit/2.5.2/Hands Interaction Demo/Scripts/PinchPointFollow.cs") state(2)
Script is not up to date after domain reload: guid(8cf24614c456bc04c9adb820d19e35c5) path("Assets/Samples/XR Interaction Toolkit/2.5.2/Hands Interaction Demo/Scripts/OneEuroFilterVector3.cs") state(2)
Script is not up to date after domain reload: guid(d3cd1891521c8e143a04e7fd344a64d5) path("Assets/Samples/XR Interaction Toolkit/2.5.2/Hands Interaction Demo/HandsDemoSceneAssets/Scripts/ToggleGraphicToggler.cs") state(2)
Script is not up to date after domain reload: guid(a83bc4aa48d0da648b49d0fd56690b25) path("Assets/Samples/XR Interaction Toolkit/2.5.2/Hands Interaction Demo/Scripts/MetaSystemGestureDetector.cs") state(2)
Script is not up to date after domain reload: guid(78373ff495dc8234887e0cbdc7140022) path("Assets/Samples/XR Interaction Toolkit/2.5.2/Hands Interaction Demo/HandsDemoSceneAssets/Scripts/PokeBlendShapeAnimator.cs") state(2)
Refreshing native plugins compatible for Editor in 95.31 ms, found 9 plugins.
Preloading 0 native plugins for Editor in 0.00 ms.
Unloading 5907 Unused Serialized files (Serialized files now loaded: 0)
Unloading 87 unused Assets / (0.8 MB). Loaded Objects now: 6577.
Memory consumption went from 212.7 MB to 212.0 MB.
Total: 94.569300 ms (FindLiveObjects: 0.991400 ms CreateObjectMapping: 0.255300 ms MarkObjects: 92.540400 ms  DeleteObjects: 0.780100 ms)

Prepare: number of updated asset objects reloaded= 0
AssetImportParameters requested are different than current active one (requested -> active):
  custom:container-demuxer-ogg: 62fdf1f143b41e24485cea50d1cbac27 -> 
  custom:video-decoder-ogg-theora: a1e56fd34408186e4bbccfd4996cb3dc -> 
  custom:framework-win-MediaFoundation: 216162199b28c13a410421893ffa2e32 -> 
  custom:CustomObjectIndexerAttribute: 4d1d7186bcbbfe361de5f0ad951e585c -> 
  custom:container-demuxer-webm: 4f35f7cbe854078d1ac9338744f61a02 -> 
  custom:container-muxer-webm: aa71ff27fc2769a1b78a27578f13a17b -> 
  custom:video-decoder-webm-vp8: 9c59270c3fd7afecdb556c50c9e8de78 -> 
  custom:SearchIndexIgnoredProperties: e643bd26f0fe6173181afceb89e7c659 -> 
  custom:AudioImporter_EditorPlatform: d09bf68614088b80899f8185d706f6e7 -> 
  custom:video-encoder-webm-vp8: eb34c28f22e8b96e1ab97ce403110664 -> 
  custom:audio-decoder-ogg-vorbis: bf7c407c2cedff20999df2af8eb42d56 -> 
  custom:audio-encoder-webm-vorbis: bf7c407c2cedff20999df2af8eb42d56 -> 
========================================================================
Received Prepare
Script is not up to date after domain reload: guid(dc0457e2226946f3a628b16b053d3492) path("Packages/com.unity.xr.hands/Editor/XRHandSkeletonDriverEditor.cs") state(2)
Script is not up to date after domain reload: guid(9f356b15272c55b4695b5976cb03f91e) path("Packages/com.unity.xr.hands/Runtime/IXRHandProcessor.cs") state(2)
Script is not up to date after domain reload: guid(6c1a6b53d9c010442bfc0f344257d97e) path("Packages/com.unity.xr.hands/Runtime/OpenXR/OpenXRHandProvider.cs") state(2)
Script is not up to date after domain reload: guid(b910e990a7a1cff4f82e57532775a286) path("Packages/com.unity.xr.hands/Runtime/XRHandProviderUtility.deprecated.cs") state(2)
Script is not up to date after domain reload: guid(bd7a4384c88cd1f428c677edc1dcb2d2) path("Packages/com.unity.xr.hands/Tests/Runtime/TestHandData.cs") state(2)
Script is not up to date after domain reload: guid(34f62a3e173fb6a489978a18ce727b4e) path("Packages/com.unity.xr.hands/Tests/Runtime/Tests.cs") state(2)
Script is not up to date after domain reload: guid(cd67b64048972b042b90acfb0535b93c) path("Packages/com.unity.xr.hands/Editor/OpenXR/ModifyAndroidManifest.cs") state(2)
Script is not up to date after domain reload: guid(8ef056e8190f4fb09f451ca98b1175f2) path("Packages/com.unity.xr.hands/Editor/BaseXRHandsEditor.cs") state(2)
Script is not up to date after domain reload: guid(91199a6703865ea40975bafc30ec8adf) path("Packages/com.unity.xr.hands/Runtime/XRHandProcessingUtility.cs") state(2)
Script is not up to date after domain reload: guid(b4aaf8c7c1f1caf4ca0a96a97366da13) path("Packages/com.unity.xr.hands/Tests/Runtime/TestHandProvider.cs") state(2)
Script is not up to date after domain reload: guid(39ef4f7d99d702f41861248d3f869619) path("Packages/com.unity.xr.hands/Runtime/XRHandSubsystemDescriptor.cs") state(2)
Script is not up to date after domain reload: guid(33d185178a544319b7c19b727adca591) path("Packages/com.unity.xr.hands/Runtime/universalwindows/x64/UnityOpenXRHands.dll") state(2)
Script is not up to date after domain reload: guid(d7336dad664f4f02920f7f7229a8bed3) path("Packages/com.unity.xr.hands/Runtime/XRHelpURLConstants.cs") state(2)
Script is not up to date after domain reload: guid(c8419b6b97c6400c91cf011e1d4ac2a0) path("Packages/com.unity.xr.hands/Editor/XRHandTrackingEventsEditor.cs") state(2)
Script is not up to date after domain reload: guid(07acab247ef2400f9d0e952a1647e522) path("Packages/com.unity.xr.hands/Runtime/XRHandJointsUpdatedEventArgs.cs") state(2)
Script is not up to date after domain reload: guid(decde3c539624f9a9f911d39e02e9794) path("Packages/com.unity.xr.hands/Runtime/android/arm64/libUnityOpenXRHands.so") state(2)
Script is not up to date after domain reload: guid(5b55c84d9c764e96a9543557c4eef47e) path("Packages/com.unity.xr.hands/Runtime/universalwindows/arm32/UnityOpenXRHands.dll") state(2)
Script is not up to date after domain reload: guid(b35af69510ff89f499eabd5db3210bce) path("Packages/com.unity.xr.hands/Runtime/XRHandSubsystemProvider.cs") state(2)
Script is not up to date after domain reload: guid(ff5469e00d264020ad6216b026e1e7e4) path("Packages/com.unity.xr.hands/Runtime/universalwindows/arm64/UnityOpenXRHands.dll") state(2)
Script is not up to date after domain reload: guid(52fbd39eb3c7b604ebdd391de228412a) path("Packages/com.unity.xr.hands/Runtime/XRHandJoint.cs") state(2)
Script is not up to date after domain reload: guid(21096d6d8059a5343a1f2b4d050e4789) path("Packages/com.unity.xr.hands/Runtime/XRHandMeshController.cs") state(2)
Script is not up to date after domain reload: guid(3450440ceafd16943a76c633d83c0d4f) path("Packages/com.unity.xr.hands/Runtime/XRHandSubsystem.deprecated.cs") state(2)
Script is not up to date after domain reload: guid(b799c50488a08784d91311997adf6b1d) path("Packages/com.unity.xr.hands/Runtime/MetaAim.cs") state(2)
Script is not up to date after domain reload: guid(eea6da9481fc4342a4b2c7a896e4a417) path("Packages/com.unity.xr.hands/Runtime/XRHandSkeletonDriverUtility.cs") state(2)
Script is not up to date after domain reload: guid(07aaccfa1bc2417d8fbd0d9e2e102c2c) path("Packages/com.unity.xr.hands/Runtime/XRHandSkeletonDriver.cs") state(2)
Script is not up to date after domain reload: guid(0d2c4dd79c9349a4d92b75eb4443b6d1) path("Packages/com.unity.xr.hands/Runtime/XRHandDevice.cs") state(2)
Script is not up to date after domain reload: guid(6361c01fb844456f9cc74bfcd86f4d87) path("Packages/com.unity.xr.hands/Runtime/windows/x64/UnityOpenXRHands.dll") state(2)
Script is not up to date after domain reload: guid(250f5fd0ae4e32a489b543fad8e15073) path("Packages/com.unity.xr.hands/Runtime/XRHandSubsystem.cs") state(2)
Script is not up to date after domain reload: guid(b3aced3429e5911458f4da2dac9d0f29) path("Packages/com.unity.xr.hands/Runtime/OpenXR/MetaHandTrackingAim.cs") state(2)
Script is not up to date after domain reload: guid(b5b9cf54c47f40ee9c3eb30ea8eb89b9) path("Packages/com.unity.xr.hands/Runtime/XRHandTrackingEvents.cs") state(2)
Script is not up to date after domain reload: guid(00a0eb6154994922bdcac9bfaaada438) path("Packages/com.unity.xr.hands/Runtime/AssemblyInfo.cs") state(2)
Script is not up to date after domain reload: guid(4c903076eadd7fd4db1b2ead27963bcc) path("Packages/com.unity.xr.hands/Runtime/XRHandProviderUtility.cs") state(2)
Script is not up to date after domain reload: guid(4e314dfef9af0904e80129bcc0a79361) path("Packages/com.unity.xr.hands/Runtime/OpenXR/HandTracking.cs") state(2)
Script is not up to date after domain reload: guid(e4d4576575b962e4999ed1d8982963f8) path("Packages/com.unity.xr.hands/Runtime/Enums.cs") state(2)
Script is not up to date after domain reload: guid(076e841c9b41ca5418f0cbb48a95679b) path("Packages/com.unity.xr.hands/Runtime/OpenXR/MetaHandTrackingAim.deprecated.cs") state(2)
Script is not up to date after domain reload: guid(a779f10ce5e756242adff186a4112033) path("Packages/com.unity.xr.hands/Tests/Editor/XRHandsEditorTests.cs") state(2)
Script is not up to date after domain reload: guid(08b772afd0677b04d9a31efb049100e5) path("Packages/com.unity.xr.hands/Runtime/XRHand.cs") state(2)
Script is not up to date after domain reload: guid(21bab005c410a4642a0ae822ab430506) path("Packages/com.unity.xr.hands/Runtime/MetaAim.deprecated.cs") state(2)
Begin MonoManager ReloadAssembly
- Loaded All Assemblies, in  2.440 seconds
Refreshing native plugins compatible for Editor in 57.17 ms, found 10 plugins.
Native extension for WindowsStandalone target not found
Native extension for WebGL target not found
[Package Manager] Server::EnsureServerProcessIsRunning -- launch failed, reason: Unity was launched with the -noUpm command-line argument
[Package Manager] UpmClient::Send -- Unable to send message (not connected to UPM process).
[Package Manager] Cannot connect to Unity Package Manager local server
[Package Manager] Server::EnsureServerProcessIsRunning -- launch failed, reason: Unity was launched with the -noUpm command-line argument
[Package Manager] UpmClient::Send -- Unable to send message (not connected to UPM process).
[Package Manager] Cannot connect to Unity Package Manager local server
Mono: successfully reloaded assembly
[Package Manager] Server::EnsureServerProcessIsRunning -- launch failed, reason: Unity was launched with the -noUpm command-line argument
[Package Manager] UpmClient::Send -- Unable to send message (not connected to UPM process).
[Package Manager] Cannot connect to Unity Package Manager local server
- Finished resetting the current domain, in  2.960 seconds
Domain Reload Profiling: 5276ms
	BeginReloadAssembly (378ms)
		ExecutionOrderSort (0ms)
		DisableScriptedObjects (6ms)
		BackupInstance (0ms)
		ReleaseScriptingObjects (0ms)
		CreateAndSetChildDomain (88ms)
	RebuildCommonClasses (77ms)
	RebuildNativeTypeToScriptingClass (24ms)
	initialDomainReloadingComplete (382ms)
	LoadAllAssembliesAndSetupDomain (1456ms)
		LoadAssemblies (1561ms)
		RebuildTransferFunctionScriptingTraits (0ms)
		AnalyzeDomain (123ms)
			TypeCache.Refresh (32ms)
				TypeCache.ScanAssembly (11ms)
			ScanForSourceGeneratedMonoScriptInfo (58ms)
			ResolveRequiredComponents (31ms)
	FinalizeReload (2960ms)
		ReleaseScriptCaches (0ms)
		RebuildScriptCaches (0ms)
		SetupLoadedEditorAssemblies (662ms)
			LogAssemblyErrors (0ms)
			InitializePlatformSupportModulesInManaged (12ms)
			SetLoadedEditorAssemblies (5ms)
			RefreshPlugins (0ms)
			BeforeProcessingInitializeOnLoad (153ms)
			ProcessInitializeOnLoadAttributes (387ms)
			ProcessInitializeOnLoadMethodAttributes (94ms)
			AfterProcessingInitializeOnLoad (12ms)
			EditorAssembliesLoaded (0ms)
		ExecutionOrderSort2 (0ms)
		AwakeInstancesAfterBackupRestoration (17ms)
Script is not up to date after domain reload: guid(dc0457e2226946f3a628b16b053d3492) path("Packages/com.unity.xr.hands/Editor/XRHandSkeletonDriverEditor.cs") state(2)
Script is not up to date after domain reload: guid(9f356b15272c55b4695b5976cb03f91e) path("Packages/com.unity.xr.hands/Runtime/IXRHandProcessor.cs") state(2)
Script is not up to date after domain reload: guid(6c1a6b53d9c010442bfc0f344257d97e) path("Packages/com.unity.xr.hands/Runtime/OpenXR/OpenXRHandProvider.cs") state(2)
Script is not up to date after domain reload: guid(b910e990a7a1cff4f82e57532775a286) path("Packages/com.unity.xr.hands/Runtime/XRHandProviderUtility.deprecated.cs") state(2)
Script is not up to date after domain reload: guid(bd7a4384c88cd1f428c677edc1dcb2d2) path("Packages/com.unity.xr.hands/Tests/Runtime/TestHandData.cs") state(2)
Script is not up to date after domain reload: guid(34f62a3e173fb6a489978a18ce727b4e) path("Packages/com.unity.xr.hands/Tests/Runtime/Tests.cs") state(2)
Script is not up to date after domain reload: guid(cd67b64048972b042b90acfb0535b93c) path("Packages/com.unity.xr.hands/Editor/OpenXR/ModifyAndroidManifest.cs") state(2)
Script is not up to date after domain reload: guid(8ef056e8190f4fb09f451ca98b1175f2) path("Packages/com.unity.xr.hands/Editor/BaseXRHandsEditor.cs") state(2)
Script is not up to date after domain reload: guid(91199a6703865ea40975bafc30ec8adf) path("Packages/com.unity.xr.hands/Runtime/XRHandProcessingUtility.cs") state(2)
Script is not up to date after domain reload: guid(b4aaf8c7c1f1caf4ca0a96a97366da13) path("Packages/com.unity.xr.hands/Tests/Runtime/TestHandProvider.cs") state(2)
Script is not up to date after domain reload: guid(39ef4f7d99d702f41861248d3f869619) path("Packages/com.unity.xr.hands/Runtime/XRHandSubsystemDescriptor.cs") state(2)
Script is not up to date after domain reload: guid(33d185178a544319b7c19b727adca591) path("Packages/com.unity.xr.hands/Runtime/universalwindows/x64/UnityOpenXRHands.dll") state(2)
Script is not up to date after domain reload: guid(d7336dad664f4f02920f7f7229a8bed3) path("Packages/com.unity.xr.hands/Runtime/XRHelpURLConstants.cs") state(2)
Script is not up to date after domain reload: guid(c8419b6b97c6400c91cf011e1d4ac2a0) path("Packages/com.unity.xr.hands/Editor/XRHandTrackingEventsEditor.cs") state(2)
Script is not up to date after domain reload: guid(07acab247ef2400f9d0e952a1647e522) path("Packages/com.unity.xr.hands/Runtime/XRHandJointsUpdatedEventArgs.cs") state(2)
Script is not up to date after domain reload: guid(decde3c539624f9a9f911d39e02e9794) path("Packages/com.unity.xr.hands/Runtime/android/arm64/libUnityOpenXRHands.so") state(2)
Script is not up to date after domain reload: guid(5b55c84d9c764e96a9543557c4eef47e) path("Packages/com.unity.xr.hands/Runtime/universalwindows/arm32/UnityOpenXRHands.dll") state(2)
Script is not up to date after domain reload: guid(b35af69510ff89f499eabd5db3210bce) path("Packages/com.unity.xr.hands/Runtime/XRHandSubsystemProvider.cs") state(2)
Script is not up to date after domain reload: guid(ff5469e00d264020ad6216b026e1e7e4) path("Packages/com.unity.xr.hands/Runtime/universalwindows/arm64/UnityOpenXRHands.dll") state(2)
Script is not up to date after domain reload: guid(52fbd39eb3c7b604ebdd391de228412a) path("Packages/com.unity.xr.hands/Runtime/XRHandJoint.cs") state(2)
Script is not up to date after domain reload: guid(21096d6d8059a5343a1f2b4d050e4789) path("Packages/com.unity.xr.hands/Runtime/XRHandMeshController.cs") state(2)
Script is not up to date after domain reload: guid(3450440ceafd16943a76c633d83c0d4f) path("Packages/com.unity.xr.hands/Runtime/XRHandSubsystem.deprecated.cs") state(2)
Script is not up to date after domain reload: guid(b799c50488a08784d91311997adf6b1d) path("Packages/com.unity.xr.hands/Runtime/MetaAim.cs") state(2)
Script is not up to date after domain reload: guid(eea6da9481fc4342a4b2c7a896e4a417) path("Packages/com.unity.xr.hands/Runtime/XRHandSkeletonDriverUtility.cs") state(2)
Script is not up to date after domain reload: guid(07aaccfa1bc2417d8fbd0d9e2e102c2c) path("Packages/com.unity.xr.hands/Runtime/XRHandSkeletonDriver.cs") state(2)
Script is not up to date after domain reload: guid(0d2c4dd79c9349a4d92b75eb4443b6d1) path("Packages/com.unity.xr.hands/Runtime/XRHandDevice.cs") state(2)
Script is not up to date after domain reload: guid(6361c01fb844456f9cc74bfcd86f4d87) path("Packages/com.unity.xr.hands/Runtime/windows/x64/UnityOpenXRHands.dll") state(2)
Script is not up to date after domain reload: guid(250f5fd0ae4e32a489b543fad8e15073) path("Packages/com.unity.xr.hands/Runtime/XRHandSubsystem.cs") state(2)
Script is not up to date after domain reload: guid(b3aced3429e5911458f4da2dac9d0f29) path("Packages/com.unity.xr.hands/Runtime/OpenXR/MetaHandTrackingAim.cs") state(2)
Script is not up to date after domain reload: guid(b5b9cf54c47f40ee9c3eb30ea8eb89b9) path("Packages/com.unity.xr.hands/Runtime/XRHandTrackingEvents.cs") state(2)
Script is not up to date after domain reload: guid(00a0eb6154994922bdcac9bfaaada438) path("Packages/com.unity.xr.hands/Runtime/AssemblyInfo.cs") state(2)
Script is not up to date after domain reload: guid(4c903076eadd7fd4db1b2ead27963bcc) path("Packages/com.unity.xr.hands/Runtime/XRHandProviderUtility.cs") state(2)
Script is not up to date after domain reload: guid(4e314dfef9af0904e80129bcc0a79361) path("Packages/com.unity.xr.hands/Runtime/OpenXR/HandTracking.cs") state(2)
Script is not up to date after domain reload: guid(e4d4576575b962e4999ed1d8982963f8) path("Packages/com.unity.xr.hands/Runtime/Enums.cs") state(2)
Script is not up to date after domain reload: guid(076e841c9b41ca5418f0cbb48a95679b) path("Packages/com.unity.xr.hands/Runtime/OpenXR/MetaHandTrackingAim.deprecated.cs") state(2)
Script is not up to date after domain reload: guid(a779f10ce5e756242adff186a4112033) path("Packages/com.unity.xr.hands/Tests/Editor/XRHandsEditorTests.cs") state(2)
Script is not up to date after domain reload: guid(08b772afd0677b04d9a31efb049100e5) path("Packages/com.unity.xr.hands/Runtime/XRHand.cs") state(2)
Script is not up to date after domain reload: guid(21bab005c410a4642a0ae822ab430506) path("Packages/com.unity.xr.hands/Runtime/MetaAim.deprecated.cs") state(2)
Refreshing native plugins compatible for Editor in 20.99 ms, found 10 plugins.
Preloading 0 native plugins for Editor in 0.00 ms.
Unloading 5923 Unused Serialized files (Serialized files now loaded: 0)
Unloading 88 unused Assets / (0.8 MB). Loaded Objects now: 6597.
Memory consumption went from 215.3 MB to 214.5 MB.
Total: 5.489000 ms (FindLiveObjects: 0.950800 ms CreateObjectMapping: 0.210900 ms MarkObjects: 3.706300 ms  DeleteObjects: 0.619200 ms)

Prepare: number of updated asset objects reloaded= 0
AssetImportParameters requested are different than current active one (requested -> active):
  custom:container-demuxer-ogg: 62fdf1f143b41e24485cea50d1cbac27 -> 
  custom:video-decoder-ogg-theora: a1e56fd34408186e4bbccfd4996cb3dc -> 
  custom:framework-win-MediaFoundation: 216162199b28c13a410421893ffa2e32 -> 
  custom:CustomObjectIndexerAttribute: 4d1d7186bcbbfe361de5f0ad951e585c -> 
  custom:container-demuxer-webm: 4f35f7cbe854078d1ac9338744f61a02 -> 
  custom:container-muxer-webm: aa71ff27fc2769a1b78a27578f13a17b -> 
  custom:video-decoder-webm-vp8: 9c59270c3fd7afecdb556c50c9e8de78 -> 
  custom:SearchIndexIgnoredProperties: e643bd26f0fe6173181afceb89e7c659 -> 
  custom:AudioImporter_EditorPlatform: d09bf68614088b80899f8185d706f6e7 -> 
  custom:video-encoder-webm-vp8: eb34c28f22e8b96e1ab97ce403110664 -> 
  custom:audio-decoder-ogg-vorbis: bf7c407c2cedff20999df2af8eb42d56 -> 
  custom:audio-encoder-webm-vorbis: bf7c407c2cedff20999df2af8eb42d56 -> 
========================================================================
Received Import Request.
  Time since last request: 115.297782 seconds.
  path: Assets/Samples/XR Interaction Toolkit/2.5.2/Hands Interaction Demo
  artifactKey: Guid(9c94456f65759a349b0909e0c6265900) Importer(815301076,1909f56bfc062723c751e8b465ee728b)
Start importing Assets/Samples/XR Interaction Toolkit/2.5.2/Hands Interaction Demo using Guid(9c94456f65759a349b0909e0c6265900) Importer(815301076,1909f56bfc062723c751e8b465ee728b)  -> (artifact id: 'a112f386269926fd5cc3576002ea31bc') in 0.002776 seconds
Number of updated asset objects reloaded before import = 0
Number of asset objects unloaded after import = 0
========================================================================
Received Prepare
Begin MonoManager ReloadAssembly
- Loaded All Assemblies, in  0.859 seconds
Refreshing native plugins compatible for Editor in 24.16 ms, found 10 plugins.
Native extension for WindowsStandalone target not found
Native extension for WebGL target not found
[Package Manager] Server::EnsureServerProcessIsRunning -- launch failed, reason: Unity was launched with the -noUpm command-line argument
[Package Manager] UpmClient::Send -- Unable to send message (not connected to UPM process).
[Package Manager] Cannot connect to Unity Package Manager local server
[Package Manager] Server::EnsureServerProcessIsRunning -- launch failed, reason: Unity was launched with the -noUpm command-line argument
[Package Manager] UpmClient::Send -- Unable to send message (not connected to UPM process).
[Package Manager] Cannot connect to Unity Package Manager local server
Mono: successfully reloaded assembly
[Package Manager] Server::EnsureServerProcessIsRunning -- launch failed, reason: Unity was launched with the -noUpm command-line argument
[Package Manager] UpmClient::Send -- Unable to send message (not connected to UPM process).
[Package Manager] Cannot connect to Unity Package Manager local server
- Finished resetting the current domain, in  1.429 seconds
Domain Reload Profiling: 2280ms
	BeginReloadAssembly (178ms)
		ExecutionOrderSort (0ms)
		DisableScriptedObjects (4ms)
		BackupInstance (0ms)
		ReleaseScriptingObjects (0ms)
		CreateAndSetChildDomain (40ms)
	RebuildCommonClasses (40ms)
	RebuildNativeTypeToScriptingClass (11ms)
	initialDomainReloadingComplete (39ms)
	LoadAllAssembliesAndSetupDomain (583ms)
		LoadAssemblies (466ms)
		RebuildTransferFunctionScriptingTraits (0ms)
		AnalyzeDomain (211ms)
			TypeCache.Refresh (155ms)
				TypeCache.ScanAssembly (133ms)
			ScanForSourceGeneratedMonoScriptInfo (38ms)
			ResolveRequiredComponents (17ms)
	FinalizeReload (1429ms)
		ReleaseScriptCaches (0ms)
		RebuildScriptCaches (0ms)
		SetupLoadedEditorAssemblies (543ms)
			LogAssemblyErrors (0ms)
			InitializePlatformSupportModulesInManaged (13ms)
			SetLoadedEditorAssemblies (3ms)
			RefreshPlugins (0ms)
			BeforeProcessingInitializeOnLoad (97ms)
			ProcessInitializeOnLoadAttributes (329ms)
			ProcessInitializeOnLoadMethodAttributes (84ms)
			AfterProcessingInitializeOnLoad (16ms)
			EditorAssembliesLoaded (0ms)
		ExecutionOrderSort2 (0ms)
		AwakeInstancesAfterBackupRestoration (16ms)
Refreshing native plugins compatible for Editor in 19.35 ms, found 10 plugins.
Preloading 0 native plugins for Editor in 0.00 ms.
Unloading 5961 Unused Serialized files (Serialized files now loaded: 0)
Unloading 93 unused Assets / (0.8 MB). Loaded Objects now: 6635.
Memory consumption went from 218.0 MB to 217.2 MB.
Total: 5.123900 ms (FindLiveObjects: 0.661700 ms CreateObjectMapping: 0.170300 ms MarkObjects: 3.699500 ms  DeleteObjects: 0.591000 ms)

Prepare: number of updated asset objects reloaded= 19
AssetImportParameters requested are different than current active one (requested -> active):
  custom:container-demuxer-ogg: 62fdf1f143b41e24485cea50d1cbac27 -> 
  custom:video-decoder-ogg-theora: a1e56fd34408186e4bbccfd4996cb3dc -> 
  custom:framework-win-MediaFoundation: 216162199b28c13a410421893ffa2e32 -> 
  custom:CustomObjectIndexerAttribute: 4d1d7186bcbbfe361de5f0ad951e585c -> 
  custom:container-demuxer-webm: 4f35f7cbe854078d1ac9338744f61a02 -> 
  custom:container-muxer-webm: aa71ff27fc2769a1b78a27578f13a17b -> 
  custom:video-decoder-webm-vp8: 9c59270c3fd7afecdb556c50c9e8de78 -> 
  custom:SearchIndexIgnoredProperties: e643bd26f0fe6173181afceb89e7c659 -> 
  custom:AudioImporter_EditorPlatform: d09bf68614088b80899f8185d706f6e7 -> 
  custom:video-encoder-webm-vp8: eb34c28f22e8b96e1ab97ce403110664 -> 
  custom:audio-decoder-ogg-vorbis: bf7c407c2cedff20999df2af8eb42d56 -> 
  custom:audio-encoder-webm-vorbis: bf7c407c2cedff20999df2af8eb42d56 -> 
========================================================================
Received Prepare
Begin MonoManager ReloadAssembly
- Loaded All Assemblies, in  0.766 seconds
Refreshing native plugins compatible for Editor in 20.26 ms, found 10 plugins.
Native extension for WindowsStandalone target not found
Native extension for WebGL target not found
[Package Manager] Server::EnsureServerProcessIsRunning -- launch failed, reason: Unity was launched with the -noUpm command-line argument
[Package Manager] UpmClient::Send -- Unable to send message (not connected to UPM process).
[Package Manager] Cannot connect to Unity Package Manager local server
[Package Manager] Server::EnsureServerProcessIsRunning -- launch failed, reason: Unity was launched with the -noUpm command-line argument
[Package Manager] UpmClient::Send -- Unable to send message (not connected to UPM process).
[Package Manager] Cannot connect to Unity Package Manager local server
Mono: successfully reloaded assembly
[Package Manager] Server::EnsureServerProcessIsRunning -- launch failed, reason: Unity was launched with the -noUpm command-line argument
[Package Manager] UpmClient::Send -- Unable to send message (not connected to UPM process).
[Package Manager] Cannot connect to Unity Package Manager local server
- Finished resetting the current domain, in  1.465 seconds
Domain Reload Profiling: 2223ms
	BeginReloadAssembly (176ms)
		ExecutionOrderSort (0ms)
		DisableScriptedObjects (5ms)
		BackupInstance (0ms)
		ReleaseScriptingObjects (0ms)
		CreateAndSetChildDomain (41ms)
	RebuildCommonClasses (35ms)
	RebuildNativeTypeToScriptingClass (11ms)
	initialDomainReloadingComplete (37ms)
	LoadAllAssembliesAndSetupDomain (498ms)
		LoadAssemblies (533ms)
		RebuildTransferFunctionScriptingTraits (0ms)
		AnalyzeDomain (57ms)
			TypeCache.Refresh (10ms)
				TypeCache.ScanAssembly (0ms)
			ScanForSourceGeneratedMonoScriptInfo (32ms)
			ResolveRequiredComponents (14ms)
	FinalizeReload (1466ms)
		ReleaseScriptCaches (0ms)
		RebuildScriptCaches (0ms)
		SetupLoadedEditorAssemblies (558ms)
			LogAssemblyErrors (0ms)
			InitializePlatformSupportModulesInManaged (12ms)
			SetLoadedEditorAssemblies (3ms)
			RefreshPlugins (0ms)
			BeforeProcessingInitializeOnLoad (101ms)
			ProcessInitializeOnLoadAttributes (337ms)
			ProcessInitializeOnLoadMethodAttributes (92ms)
			AfterProcessingInitializeOnLoad (12ms)
			EditorAssembliesLoaded (0ms)
		ExecutionOrderSort2 (0ms)
		AwakeInstancesAfterBackupRestoration (18ms)
Refreshing native plugins compatible for Editor in 18.38 ms, found 10 plugins.
Preloading 0 native plugins for Editor in 0.00 ms.
Unloading 5963 Unused Serialized files (Serialized files now loaded: 0)
Unloading 93 unused Assets / (0.8 MB). Loaded Objects now: 6642.
Memory consumption went from 220.0 MB to 219.2 MB.
Total: 4.010900 ms (FindLiveObjects: 0.516000 ms CreateObjectMapping: 0.165300 ms MarkObjects: 2.899200 ms  DeleteObjects: 0.429600 ms)

Prepare: number of updated asset objects reloaded= 19
AssetImportParameters requested are different than current active one (requested -> active):
  custom:container-demuxer-ogg: 62fdf1f143b41e24485cea50d1cbac27 -> 
  custom:video-decoder-ogg-theora: a1e56fd34408186e4bbccfd4996cb3dc -> 
  custom:framework-win-MediaFoundation: 216162199b28c13a410421893ffa2e32 -> 
  custom:CustomObjectIndexerAttribute: 4d1d7186bcbbfe361de5f0ad951e585c -> 
  custom:container-demuxer-webm: 4f35f7cbe854078d1ac9338744f61a02 -> 
  custom:container-muxer-webm: aa71ff27fc2769a1b78a27578f13a17b -> 
  custom:video-decoder-webm-vp8: 9c59270c3fd7afecdb556c50c9e8de78 -> 
  custom:SearchIndexIgnoredProperties: e643bd26f0fe6173181afceb89e7c659 -> 
  custom:AudioImporter_EditorPlatform: d09bf68614088b80899f8185d706f6e7 -> 
  custom:video-encoder-webm-vp8: eb34c28f22e8b96e1ab97ce403110664 -> 
  custom:audio-decoder-ogg-vorbis: bf7c407c2cedff20999df2af8eb42d56 -> 
  custom:audio-encoder-webm-vorbis: bf7c407c2cedff20999df2af8eb42d56 -> 
